01:57:22 [DEBUG] (1) csvexam: some debug log
01:57:22 [INFO] some information log
01:57:22 [WARN] some warning log
01:57:22 [ERROR] some error log
01:57:22 [DEBUG] (1) csvexam: now=2022-06-03T10:57:22.106461+09:00
01:57:22 [DEBUG] (1) csvexam: now=[2022-06-03 10:57:22.106]
01:57:22 [DEBUG] (1) csvexam: parsed_dt_nontimezone=[2022-05-31T10:21:34]
01:57:22 [DEBUG] (1) csvexam: parsed_dt=[2022-05-31T10:21:34+09:00]
01:57:22 [DEBUG] (1) csvexam: parsed_utcdt=[2022-05-31T10:21:34Z]
01:57:22 [DEBUG] (1) csvexam: parsed_offsetdt=[2022-05-31T10:21:34+09:00]
01:57:22 [DEBUG] (1) csvexam: toYMD_HMS_ToLocalTime=[2022-05-31T10:21:34+09:00]
01:57:22 [DEBUG] (1) csvexam: toYMD_ToLocalDate=[2022-05-31+09:00]
01:57:22 [DEBUG] (1) csvexam: ["/Users/bj/develop/RustStudy/csvexam/target/debug/csvexam", "sampledata/personal10.csv"]
01:57:22 [INFO] 
01:57:22 [INFO] ----------  ----------
01:57:22 [INFO] 
01:57:22 [INFO] ---------- file read ----------
01:57:22 [INFO] 
01:57:22 [INFO] ---------- csv read ----------
01:57:22 [DEBUG] (1) csvexam: [1] StringRecord(["1", "須田正浩", "スダマサヒロ", "男", "0993671717", "1978/12/14"])
01:57:22 [DEBUG] (1) csvexam: [2] StringRecord(["2", "外山愛奈", "ソトヤマアイナ", "女", "0124292585", "1980/07/12"])
01:57:22 [DEBUG] (1) csvexam: [3] StringRecord(["3", "萩原明莉", "ハギワラアカリ", "女", "0599283896", "1965/03/09"])
01:57:22 [DEBUG] (1) csvexam: [4] StringRecord(["4", "今田蒼澄", "イマダアオト", "男", "0776416012", "2001/01/28"])
01:57:22 [DEBUG] (1) csvexam: [5] StringRecord(["5", "ＴＥＳＴ\u{3000}ＴＡＲＯＵ", "テストタロウ", "男", "0482085790", "1976/07/16"])
01:57:22 [DEBUG] (1) csvexam: [6] StringRecord(["6", "上野涼花", "アガノスズカ", "女", "0559625639", "1983/02/06"])
01:57:22 [DEBUG] (1) csvexam: [7] StringRecord(["7", "江田昌嗣", "エダマサシ", "男", "0246553428", "1969/01/32"])
01:57:22 [DEBUG] (1) csvexam: [8] StringRecord(["8", "西谷晴美", "ニシタニハルミ", "女", "0238400794", "1991/04/05"])
01:57:22 [DEBUG] (1) csvexam: [9] StringRecord(["9", "宮下萌絵", "ミヤシタモエ", "女", "0442969940", "1993/06/04"])
01:57:22 [DEBUG] (1) csvexam: [10] StringRecord(["10", "山形勇人", "ヤマガタハヤト", "男", "0291917066", "1976/12/18"])
01:57:22 [DEBUG] (1) csvexam: users=[no:1 name:須田正浩 kana:スダマサヒロ gender:男 phone:0993671717 birth:1978-12-14
, no:2 name:外山愛奈 kana:ソトヤマアイナ gender:女 phone:0124292585 birth:1980-07-12
, no:3 name:萩原明莉 kana:ハギワラアカリ gender:女 phone:0599283896 birth:1965-03-09
, no:4 name:今田蒼澄 kana:イマダアオト gender:男 phone:0776416012 birth:2001-01-28
, no:5 name:ＴＥＳＴ　ＴＡＲＯＵ kana:テストタロウ gender:男 phone:0482085790 birth:1976-07-16
, no:6 name:上野涼花 kana:アガノスズカ gender:女 phone:0559625639 birth:1983-02-06
, no:7 name:江田昌嗣 kana:エダマサシ gender:男 phone:0246553428 birth:
, no:8 name:西谷晴美 kana:ニシタニハルミ gender:女 phone:0238400794 birth:1991-04-05
, no:9 name:宮下萌絵 kana:ミヤシタモエ gender:女 phone:0442969940 birth:1993-06-04
, no:10 name:山形勇人 kana:ヤマガタハヤト gender:男 phone:0291917066 birth:1976-12-18
]
01:57:22 [INFO] 
01:57:22 [INFO] ---------- sort ----------
01:57:22 [DEBUG] (1) csvexam: before sort users = [no:1 name:須田正浩 kana:スダマサヒロ gender:男 phone:0993671717 birth:1978-12-14
, no:2 name:外山愛奈 kana:ソトヤマアイナ gender:女 phone:0124292585 birth:1980-07-12
, no:3 name:萩原明莉 kana:ハギワラアカリ gender:女 phone:0599283896 birth:1965-03-09
, no:4 name:今田蒼澄 kana:イマダアオト gender:男 phone:0776416012 birth:2001-01-28
, no:5 name:ＴＥＳＴ　ＴＡＲＯＵ kana:テストタロウ gender:男 phone:0482085790 birth:1976-07-16
, no:6 name:上野涼花 kana:アガノスズカ gender:女 phone:0559625639 birth:1983-02-06
, no:7 name:江田昌嗣 kana:エダマサシ gender:男 phone:0246553428 birth:
, no:8 name:西谷晴美 kana:ニシタニハルミ gender:女 phone:0238400794 birth:1991-04-05
, no:9 name:宮下萌絵 kana:ミヤシタモエ gender:女 phone:0442969940 birth:1993-06-04
, no:10 name:山形勇人 kana:ヤマガタハヤト gender:男 phone:0291917066 birth:1976-12-18
]
01:57:22 [DEBUG] (1) csvexam: after sort(ref) users = [no:7 name:江田昌嗣 kana:エダマサシ gender:男 phone:0246553428 birth:
, no:3 name:萩原明莉 kana:ハギワラアカリ gender:女 phone:0599283896 birth:1965-03-09
, no:5 name:ＴＥＳＴ　ＴＡＲＯＵ kana:テストタロウ gender:男 phone:0482085790 birth:1976-07-16
, no:10 name:山形勇人 kana:ヤマガタハヤト gender:男 phone:0291917066 birth:1976-12-18
, no:1 name:須田正浩 kana:スダマサヒロ gender:男 phone:0993671717 birth:1978-12-14
, no:2 name:外山愛奈 kana:ソトヤマアイナ gender:女 phone:0124292585 birth:1980-07-12
, no:6 name:上野涼花 kana:アガノスズカ gender:女 phone:0559625639 birth:1983-02-06
, no:8 name:西谷晴美 kana:ニシタニハルミ gender:女 phone:0238400794 birth:1991-04-05
, no:9 name:宮下萌絵 kana:ミヤシタモエ gender:女 phone:0442969940 birth:1993-06-04
, no:4 name:今田蒼澄 kana:イマダアオト gender:男 phone:0776416012 birth:2001-01-28
]
01:57:22 [INFO] 
01:57:22 [INFO] ---------- Regular expression ----------
01:57:22 [DEBUG] (1) csvexam: re.is_match=true
01:57:22 [INFO] 
01:57:22 [INFO] ----------     ----------
01:57:22 [DEBUG] (1) csvexam: Month: 03 Day: 14 Year: 2012
01:57:22 [DEBUG] (1) csvexam: Month: 01 Day: 01 Year: 2013
01:57:22 [DEBUG] (1) csvexam: Month: 07 Day: 05 Year: 2014
01:57:22 [INFO] 
01:57:22 [INFO] ----------     ----------
01:57:22 [DEBUG] (1) csvexam: replace_all before=[2012-03-14, 2013-01-01 and 2014-07-05]
01:57:22 [DEBUG] (1) csvexam: replace_all after =[03/14/2012, 01/01/2013 and 07/05/2014]
01:57:22 [INFO] 
01:57:22 [INFO] ---------- HashMap ----------
01:57:22 [DEBUG] (1) csvexam: [ 7],[江田昌嗣]
01:57:22 [DEBUG] (1) csvexam: [ 3],[萩原明莉]
01:57:22 [DEBUG] (1) csvexam: [ 5],[ＴＥＳＴ　ＴＡＲＯＵ]
01:57:22 [DEBUG] (1) csvexam: [10],[山形勇人]
01:57:22 [DEBUG] (1) csvexam: [ 1],[須田正浩]
01:57:22 [DEBUG] (1) csvexam: [ 2],[外山愛奈]
01:57:22 [DEBUG] (1) csvexam: [ 6],[上野涼花]
01:57:22 [DEBUG] (1) csvexam: [ 8],[西谷晴美]
01:57:22 [DEBUG] (1) csvexam: [ 9],[宮下萌絵]
01:57:22 [DEBUG] (1) csvexam: [ 4],[今田蒼澄]
01:57:22 [DEBUG] (1) csvexam: hashmap_get = Some(no:5 name:ＴＥＳＴ　ＴＡＲＯＵ kana:テストタロウ gender:男 phone:0482085790 birth:1976-07-16
)
01:57:22 [DEBUG] (1) csvexam: hashmap_get(not found) = None
01:57:22 [DEBUG] (1) csvexam: map_users={"宮下萌絵": no:9 name:宮下萌絵 kana:ミヤシタモエ gender:女 phone:0442969940 birth:1993-06-04
, "外山愛奈": no:2 name:外山愛奈 kana:ソトヤマアイナ gender:女 phone:0124292585 birth:1980-07-12
, "江田昌嗣": no:7 name:江田昌嗣 kana:エダマサシ gender:男 phone:0246553428 birth:
, "萩原明莉": no:3 name:萩原明莉 kana:ハギワラアカリ gender:女 phone:0599283896 birth:1965-03-09
, "須田正浩": no:1 name:須田正浩 kana:スダマサヒロ gender:男 phone:0993671717 birth:1978-12-14
, "ＴＥＳＴ\u{3000}ＴＡＲＯＵ": no:5 name:ＴＥＳＴ　ＴＡＲＯＵ kana:テストタロウ gender:男 phone:0482085790 birth:1976-07-16
, "山形勇人": no:10 name:山形勇人 kana:ヤマガタハヤト gender:男 phone:0291917066 birth:1976-12-18
, "上野涼花": no:6 name:上野涼花 kana:アガノスズカ gender:女 phone:0559625639 birth:1983-02-06
, "西谷晴美": no:8 name:西谷晴美 kana:ニシタニハルミ gender:女 phone:0238400794 birth:1991-04-05
, "今田蒼澄": no:4 name:今田蒼澄 kana:イマダアオト gender:男 phone:0776416012 birth:2001-01-28
}
01:57:22 [INFO] 
01:57:22 [INFO] ---------- JSON ----------
01:57:22 [DEBUG] (1) csvexam: MyPrimitive json = [Array([Object({"name": String("test"), "no": Number(1)}), Object({"name": String("test2"), "no": Number(2)}), Object({"name": String("test3"), "no": Number(3)})])]
01:57:22 [DEBUG] (1) csvexam: MyPrimitive json string = ["[{\"name\":\"test\",\"no\":1},{\"name\":\"test2\",\"no\":2},{\"name\":\"test3\",\"no\":3}]"]
01:57:22 [DEBUG] (1) csvexam: MyPrimitive json string_pretty = ["[\n  {\n    \"name\": \"test\",\n    \"no\": 1\n  },\n  {\n    \"name\": \"test2\",\n    \"no\": 2\n  },\n  {\n    \"name\": \"test3\",\n    \"no\": 3\n  }\n]"]
01:57:22 [DEBUG] (1) csvexam: datetime json = [String("2022-05-31T12:29:09+09:00")]
01:57:22 [DEBUG] (1) csvexam: datetime json string = ["\"2022-05-31T12:29:09+09:00\""]
01:57:22 [DEBUG] (1) csvexam: datetime json string_pretty = ["\"2022-05-31T12:29:09+09:00\""]
01:57:22 [DEBUG] (1) csvexam: datestruct json = [Array([Object({"dt": String("2022-05-31"), "no": Number(1)}), Object({"dt": Null, "no": Number(2)})])]
01:57:22 [DEBUG] (1) csvexam: datestruct json string = ["[{\"dt\":\"2022-05-31\",\"no\":1},{\"dt\":null,\"no\":2}]"]
01:57:22 [DEBUG] (1) csvexam: datestruct json string_pretty = ["[\n  {\n    \"dt\": \"2022-05-31\",\n    \"no\": 1\n  },\n  {\n    \"dt\": null,\n    \"no\": 2\n  }\n]"]
01:57:22 [DEBUG] (1) csvexam::my_optdate_format: deserialize - Ok [Some("2022-12-31")]
01:57:22 [DEBUG] (1) csvexam::my_optdate_format: deserialize - Ok [None]
01:57:22 [DEBUG] (1) csvexam::my_optdate_format: deserialize - Ok [Some("2022-12-32")]
01:57:22 [WARN] ❗️Warning [2022-12-32] input is out of range
01:57:22 [DEBUG] (1) csvexam::my_optdate_format: deserialize - Ok [Some("")]
01:57:22 [WARN] ❗️Warning [] premature end of input
01:57:22 [DEBUG] (1) csvexam: datestruct json string_pretty = [[MyDateStruct { no: 10, dt: Some(2022-12-31+09:00) }, MyDateStruct { no: 11, dt: None }, MyDateStruct { no: 12, dt: None }, MyDateStruct { no: 13, dt: None }]]
01:57:22 [INFO] 
01:57:22 [INFO] ---------- File read/write. ----------
01:57:22 [DEBUG] (1) csvexam: fileread_write in:[sampledata/personal10.csv]
01:57:22 [DEBUG] (1) csvexam: fileread_write out:[sampledata/personal10.csv.out]
01:57:22 [DEBUG] (1) csvexam: line = [連番,氏名,氏名（カタカナ）,性別,電話番号,生年月日]
01:57:22 [DEBUG] (1) csvexam: line = [1,須田正浩,スダマサヒロ,男,0993671717,1978/12/14]
01:57:22 [DEBUG] (1) csvexam: line = [2,外山愛奈,ソトヤマアイナ,女,0124292585,1980/07/12]
01:57:22 [DEBUG] (1) csvexam: line = [3,萩原明莉,ハギワラアカリ,女,0599283896,1965/03/09]
01:57:22 [DEBUG] (1) csvexam: line = [4,今田蒼澄,イマダアオト,男,0776416012,2001/01/28]
01:57:22 [DEBUG] (1) csvexam: line = [5,ＴＥＳＴ　ＴＡＲＯＵ,テストタロウ,男,0482085790,1976/07/16]
01:57:22 [DEBUG] (1) csvexam: line = [6,上野涼花,アガノスズカ,女,0559625639,1983/02/06]
01:57:22 [DEBUG] (1) csvexam: line = [7,江田昌嗣,エダマサシ,男,0246553428,1969/01/32]
01:57:22 [DEBUG] (1) csvexam: line = [8,西谷晴美,ニシタニハルミ,女,0238400794,1991/04/05]
01:57:22 [DEBUG] (1) csvexam: line = [9,宮下萌絵,ミヤシタモエ,女,0442969940,1993/06/04]
01:57:22 [DEBUG] (1) csvexam: line = [10,山形勇人,ヤマガタハヤト,男,0291917066,1976/12/18]
